TN:
SF:.eslintrc.js
FNF:0
FNH:0
DA:1,0
LF:1
LH:0
BRF:0
BRH:0
end_of_record
TN:
SF:app.js
FN:58,(anonymous_0)
FN:81,(anonymous_1)
FN:83,(anonymous_2)
FN:93,(anonymous_3)
FN:99,(anonymous_4)
FN:109,(anonymous_5)
FN:135,(anonymous_6)
FN:137,(anonymous_7)
FN:141,(anonymous_8)
FNF:9
FNH:6
FNDA:0,(anonymous_0)
FNDA:0,(anonymous_1)
FNDA:1,(anonymous_2)
FNDA:6,(anonymous_3)
FNDA:2,(anonymous_4)
FNDA:3,(anonymous_5)
FNDA:1,(anonymous_6)
FNDA:1,(anonymous_7)
FNDA:0,(anonymous_8)
DA:5,1
DA:7,1
DA:8,1
DA:9,1
DA:10,1
DA:11,1
DA:12,1
DA:13,1
DA:14,1
DA:15,1
DA:16,1
DA:17,1
DA:18,1
DA:19,1
DA:20,1
DA:21,1
DA:22,1
DA:25,1
DA:27,1
DA:28,1
DA:31,1
DA:40,1
DA:46,1
DA:56,1
DA:57,1
DA:58,1
DA:59,0
DA:60,0
DA:64,1
DA:74,1
DA:77,1
DA:81,1
DA:83,1
DA:84,1
DA:85,1
DA:86,1
DA:88,0
DA:93,1
DA:94,6
DA:95,6
DA:99,1
DA:100,2
DA:109,1
DA:110,3
DA:111,0
DA:112,0
DA:117,1
DA:118,1
DA:119,1
DA:120,1
DA:121,1
DA:122,1
DA:125,1
DA:126,1
DA:127,1
DA:128,1
DA:131,1
DA:134,1
DA:136,1
DA:137,1
DA:138,1
DA:142,0
DA:144,1
DA:145,1
DA:148,1
LF:65
LH:59
BRDA:78,0,0,1
BRDA:78,0,1,0
BRDA:104,1,0,2
BRDA:104,1,1,0
BRDA:110,2,0,0
BRDA:110,2,1,3
BRF:6
BRH:3
end_of_record
TN:
SF:Controller/User.js
FN:47,(anonymous_0)
FN:49,extractDomain
FN:53,findOrCreateInstitution
FN:75,(anonymous_3)
FN:76,(anonymous_4)
FN:82,validateEmail
FN:87,validatePhone
FN:92,validatePassword
FN:96,validateName
FN:101,googleSignIn
FN:114,(anonymous_10)
FN:200,register
FN:270,verifyOtp
FN:336,login
FN:364,updatePreferences
FN:391,getMe
FN:403,updateMe
FN:429,getUserById
FN:441,updateUserById
FN:463,getDashboard
FN:481,(anonymous_20)
FN:482,(anonymous_21)
FN:483,(anonymous_22)
FN:488,(anonymous_23)
FN:520,getUserCertificates
FN:531,getUserAchievements
FN:542,getUserEvents
FN:565,grantHostAccess
FN:590,grantVerifierAccess
FN:614,requestHostAccess
FN:644,approveHostRequest
FN:673,rejectHostRequest
FN:688,(anonymous_32)
FN:702,listPendingHostRequests
FN:716,sanitizeUser
FN:726,forgotPassword
FN:751,resetPassword
FN:770,deleteUser
FN:795,trackReferral
FN:824,awardReferralBadges
FN:869,awardEventBadges
FN:919,getUserBadges
FN:939,resendOtp
FNF:43
FNH:1
FNDA:0,(anonymous_0)
FNDA:0,extractDomain
FNDA:0,findOrCreateInstitution
FNDA:0,(anonymous_3)
FNDA:1,(anonymous_4)
FNDA:0,validateEmail
FNDA:0,validatePhone
FNDA:0,validatePassword
FNDA:0,validateName
FNDA:0,googleSignIn
FNDA:0,(anonymous_10)
FNDA:0,register
FNDA:0,verifyOtp
FNDA:0,login
FNDA:0,updatePreferences
FNDA:0,getMe
FNDA:0,updateMe
FNDA:0,getUserById
FNDA:0,updateUserById
FNDA:0,getDashboard
FNDA:0,(anonymous_20)
FNDA:0,(anonymous_21)
FNDA:0,(anonymous_22)
FNDA:0,(anonymous_23)
FNDA:0,getUserCertificates
FNDA:0,getUserAchievements
FNDA:0,getUserEvents
FNDA:0,grantHostAccess
FNDA:0,grantVerifierAccess
FNDA:0,requestHostAccess
FNDA:0,approveHostRequest
FNDA:0,rejectHostRequest
FNDA:0,(anonymous_32)
FNDA:0,listPendingHostRequests
FNDA:0,sanitizeUser
FNDA:0,forgotPassword
FNDA:0,resetPassword
FNDA:0,deleteUser
FNDA:0,trackReferral
FNDA:0,awardReferralBadges
FNDA:0,awardEventBadges
FNDA:0,getUserBadges
FNDA:0,resendOtp
DA:19,1
DA:20,1
DA:21,1
DA:22,1
DA:23,1
DA:24,1
DA:25,1
DA:26,1
DA:27,1
DA:28,1
DA:29,1
DA:30,1
DA:31,1
DA:32,1
DA:33,1
DA:34,1
DA:41,1
DA:43,1
DA:44,1
DA:47,1
DA:50,0
DA:54,0
DA:55,0
DA:56,0
DA:57,0
DA:66,0
DA:69,1
DA:75,1
DA:76,1
DA:77,1
DA:78,1
DA:83,0
DA:84,0
DA:88,0
DA:89,0
DA:93,0
DA:97,0
DA:102,0
DA:103,0
DA:104,0
DA:107,0
DA:109,0
DA:110,0
DA:111,0
DA:112,0
DA:113,0
DA:114,0
DA:116,0
DA:117,0
DA:119,0
DA:120,0
DA:122,0
DA:123,0
DA:124,0
DA:135,0
DA:137,0
DA:138,0
DA:139,0
DA:140,0
DA:148,0
DA:150,0
DA:151,0
DA:152,0
DA:154,0
DA:155,0
DA:156,0
DA:157,0
DA:159,0
DA:160,0
DA:162,0
DA:163,0
DA:165,0
DA:166,0
DA:167,0
DA:178,0
DA:180,0
DA:181,0
DA:182,0
DA:183,0
DA:189,0
DA:190,0
DA:194,0
DA:195,0
DA:201,0
DA:202,0
DA:205,0
DA:206,0
DA:217,0
DA:218,0
DA:221,0
DA:222,0
DA:225,0
DA:226,0
DA:229,0
DA:230,0
DA:233,0
DA:234,0
DA:237,0
DA:238,0
DA:239,0
DA:242,0
DA:246,0
DA:247,0
DA:253,0
DA:256,0
DA:257,0
DA:259,0
DA:260,0
DA:263,0
DA:265,0
DA:266,0
DA:271,0
DA:272,0
DA:273,0
DA:275,0
DA:276,0
DA:278,0
DA:279,0
DA:280,0
DA:281,0
DA:282,0
DA:283,0
DA:284,0
DA:285,0
DA:286,0
DA:288,0
DA:289,0
DA:292,0
DA:294,0
DA:296,0
DA:297,0
DA:298,0
DA:306,0
DA:307,0
DA:320,0
DA:321,0
DA:323,0
DA:324,0
DA:330,0
DA:331,0
DA:337,0
DA:338,0
DA:339,0
DA:340,0
DA:342,0
DA:343,0
DA:345,0
DA:346,0
DA:348,0
DA:349,0
DA:351,0
DA:353,0
DA:358,0
DA:359,0
DA:365,0
DA:366,0
DA:367,0
DA:370,0
DA:371,0
DA:372,0
DA:373,0
DA:376,0
DA:381,0
DA:383,0
DA:385,0
DA:386,0
DA:392,0
DA:393,0
DA:394,0
DA:395,0
DA:397,0
DA:398,0
DA:404,0
DA:405,0
DA:406,0
DA:408,0
DA:409,0
DA:410,0
DA:411,0
DA:413,0
DA:414,0
DA:416,0
DA:420,0
DA:421,0
DA:423,0
DA:424,0
DA:430,0
DA:431,0
DA:432,0
DA:433,0
DA:435,0
DA:436,0
DA:442,0
DA:443,0
DA:445,0
DA:447,0
DA:452,0
DA:453,0
DA:455,0
DA:456,0
DA:464,0
DA:465,0
DA:471,0
DA:474,0
DA:477,0
DA:480,0
DA:481,0
DA:482,0
DA:483,0
DA:486,0
DA:487,0
DA:488,0
DA:489,0
DA:492,0
DA:512,0
DA:514,0
DA:515,0
DA:521,0
DA:522,0
DA:523,0
DA:525,0
DA:526,0
DA:532,0
DA:533,0
DA:534,0
DA:536,0
DA:537,0
DA:543,0
DA:544,0
DA:550,0
DA:552,0
DA:559,0
DA:560,0
DA:566,0
DA:567,0
DA:568,0
DA:570,0
DA:571,0
DA:572,0
DA:574,0
DA:580,0
DA:582,0
DA:584,0
DA:585,0
DA:591,0
DA:592,0
DA:593,0
DA:595,0
DA:596,0
DA:598,0
DA:604,0
DA:606,0
DA:608,0
DA:609,0
DA:615,0
DA:616,0
DA:617,0
DA:618,0
DA:619,0
DA:620,0
DA:621,0
DA:623,0
DA:624,0
DA:626,0
DA:631,0
DA:634,0
DA:636,0
DA:638,0
DA:639,0
DA:645,0
DA:646,0
DA:647,0
DA:649,0
DA:650,0
DA:651,0
DA:652,0
DA:654,0
DA:655,0
DA:656,0
DA:657,0
DA:658,0
DA:659,0
DA:660,0
DA:663,0
DA:665,0
DA:667,0
DA:668,0
DA:674,0
DA:675,0
DA:676,0
DA:678,0
DA:679,0
DA:680,0
DA:681,0
DA:683,0
DA:684,0
DA:685,0
DA:686,0
DA:687,0
DA:688,0
DA:689,0
DA:692,0
DA:694,0
DA:696,0
DA:697,0
DA:703,0
DA:704,0
DA:705,0
DA:707,0
DA:708,0
DA:710,0
DA:711,0
DA:717,0
DA:718,0
DA:719,0
DA:727,0
DA:728,0
DA:729,0
DA:730,0
DA:731,0
DA:732,0
DA:733,0
DA:735,0
DA:736,0
DA:741,0
DA:743,0
DA:744,0
DA:752,0
DA:753,0
DA:754,0
DA:755,0
DA:756,0
DA:757,0
DA:758,0
DA:759,0
DA:760,0
DA:761,0
DA:762,0
DA:764,0
DA:765,0
DA:771,0
DA:773,0
DA:774,0
DA:775,0
DA:776,0
DA:779,0
DA:780,0
DA:781,0
DA:782,0
DA:783,0
DA:784,0
DA:785,0
DA:787,0
DA:789,0
DA:790,0
DA:796,0
DA:797,0
DA:798,0
DA:800,0
DA:801,0
DA:805,0
DA:806,0
DA:807,0
DA:811,0
DA:812,0
DA:815,0
DA:817,0
DA:819,0
DA:820,0
DA:825,0
DA:826,0
DA:829,0
DA:830,0
DA:831,0
DA:834,0
DA:841,0
DA:842,0
DA:843,0
DA:845,0
DA:852,0
DA:853,0
DA:854,0
DA:856,0
DA:865,0
DA:870,0
DA:871,0
DA:872,0
DA:875,0
DA:876,0
DA:877,0
DA:879,0
DA:888,0
DA:889,0
DA:890,0
DA:892,0
DA:901,0
DA:902,0
DA:903,0
DA:905,0
DA:914,0
DA:920,0
DA:921,0
DA:923,0
DA:924,0
DA:926,0
DA:931,0
DA:932,0
DA:940,0
DA:941,0
DA:942,0
DA:944,0
DA:945,0
DA:947,0
DA:948,0
DA:949,0
DA:950,0
DA:956,0
DA:958,0
DA:959,0
DA:960,0
DA:962,0
DA:963,0
DA:967,1
LF:423
LH:26
BRDA:47,0,0,0
BRDA:47,0,1,0
BRDA:56,1,0,0
BRDA:56,1,1,0
BRDA:71,2,0,1
BRDA:71,2,1,1
BRDA:72,3,0,1
BRDA:72,3,1,1
BRDA:77,4,0,1
BRDA:77,4,1,0
BRDA:93,5,0,0
BRDA:93,5,1,0
BRDA:97,6,0,0
BRDA:97,6,1,0
BRDA:104,7,0,0
BRDA:104,7,1,0
BRDA:107,8,0,0
BRDA:107,8,1,0
BRDA:112,9,0,0
BRDA:112,9,1,0
BRDA:116,10,0,0
BRDA:116,10,1,0
BRDA:120,11,0,0
BRDA:120,11,1,0
BRDA:151,12,0,0
BRDA:151,12,1,0
BRDA:156,13,0,0
BRDA:156,13,1,0
BRDA:159,14,0,0
BRDA:159,14,1,0
BRDA:163,15,0,0
BRDA:163,15,1,0
BRDA:168,16,0,0
BRDA:168,16,1,0
BRDA:171,17,0,0
BRDA:171,17,1,0
BRDA:205,18,0,0
BRDA:205,18,1,0
BRDA:205,19,0,0
BRDA:205,19,1,0
BRDA:205,19,2,0
BRDA:205,19,3,0
BRDA:217,20,0,0
BRDA:217,20,1,0
BRDA:221,21,0,0
BRDA:221,21,1,0
BRDA:225,22,0,0
BRDA:225,22,1,0
BRDA:229,23,0,0
BRDA:229,23,1,0
BRDA:233,24,0,0
BRDA:233,24,1,0
BRDA:238,25,0,0
BRDA:238,25,1,0
BRDA:273,26,0,0
BRDA:273,26,1,0
BRDA:273,27,0,0
BRDA:273,27,1,0
BRDA:276,28,0,0
BRDA:276,28,1,0
BRDA:279,29,0,0
BRDA:279,29,1,0
BRDA:280,30,0,0
BRDA:280,30,1,0
BRDA:281,31,0,0
BRDA:281,31,1,0
BRDA:283,32,0,0
BRDA:283,32,1,0
BRDA:294,33,0,0
BRDA:294,33,1,0
BRDA:317,34,0,0
BRDA:317,34,1,0
BRDA:339,35,0,0
BRDA:339,35,1,0
BRDA:339,36,0,0
BRDA:339,36,1,0
BRDA:343,37,0,0
BRDA:343,37,1,0
BRDA:346,38,0,0
BRDA:346,38,1,0
BRDA:373,39,0,0
BRDA:373,39,1,0
BRDA:381,40,0,0
BRDA:381,40,1,0
BRDA:394,41,0,0
BRDA:394,41,1,0
BRDA:411,42,0,0
BRDA:411,42,1,0
BRDA:413,43,0,0
BRDA:413,43,1,0
BRDA:420,44,0,0
BRDA:420,44,1,0
BRDA:432,45,0,0
BRDA:432,45,1,0
BRDA:445,46,0,0
BRDA:445,46,1,0
BRDA:452,47,0,0
BRDA:452,47,1,0
BRDA:471,48,0,0
BRDA:471,48,1,0
BRDA:488,49,0,0
BRDA:488,49,1,0
BRDA:493,50,0,0
BRDA:493,50,1,0
BRDA:494,51,0,0
BRDA:494,51,1,0
BRDA:495,52,0,0
BRDA:495,52,1,0
BRDA:496,53,0,0
BRDA:496,53,1,0
BRDA:501,54,0,0
BRDA:501,54,1,0
BRDA:550,55,0,0
BRDA:550,55,1,0
BRDA:568,56,0,0
BRDA:568,56,1,0
BRDA:571,57,0,0
BRDA:571,57,1,0
BRDA:577,58,0,0
BRDA:577,58,1,0
BRDA:593,59,0,0
BRDA:593,59,1,0
BRDA:595,60,0,0
BRDA:595,60,1,0
BRDA:601,61,0,0
BRDA:601,61,1,0
BRDA:617,62,0,0
BRDA:617,62,1,0
BRDA:617,63,0,0
BRDA:617,63,1,0
BRDA:619,64,0,0
BRDA:619,64,1,0
BRDA:620,65,0,0
BRDA:620,65,1,0
BRDA:620,66,0,0
BRDA:620,66,1,0
BRDA:623,67,0,0
BRDA:623,67,1,0
BRDA:646,68,0,0
BRDA:646,68,1,0
BRDA:650,69,0,0
BRDA:650,69,1,0
BRDA:651,70,0,0
BRDA:651,70,1,0
BRDA:651,71,0,0
BRDA:651,71,1,0
BRDA:657,72,0,0
BRDA:657,72,1,0
BRDA:659,73,0,0
BRDA:659,73,1,0
BRDA:675,74,0,0
BRDA:675,74,1,0
BRDA:679,75,0,0
BRDA:679,75,1,0
BRDA:680,76,0,0
BRDA:680,76,1,0
BRDA:680,77,0,0
BRDA:680,77,1,0
BRDA:686,78,0,0
BRDA:686,78,1,0
BRDA:704,79,0,0
BRDA:704,79,1,0
BRDA:729,80,0,0
BRDA:729,80,1,0
BRDA:731,81,0,0
BRDA:731,81,1,0
BRDA:735,82,0,0
BRDA:735,82,1,0
BRDA:754,83,0,0
BRDA:754,83,1,0
BRDA:754,84,0,0
BRDA:754,84,1,0
BRDA:756,85,0,0
BRDA:756,85,1,0
BRDA:758,86,0,0
BRDA:758,86,1,0
BRDA:773,87,0,0
BRDA:773,87,1,0
BRDA:775,88,0,0
BRDA:775,88,1,0
BRDA:779,89,0,0
BRDA:779,89,1,0
BRDA:781,90,0,0
BRDA:781,90,1,0
BRDA:800,91,0,0
BRDA:800,91,1,0
BRDA:806,92,0,0
BRDA:806,92,1,0
BRDA:829,93,0,0
BRDA:829,93,1,0
BRDA:829,94,0,0
BRDA:829,94,1,0
BRDA:841,95,0,0
BRDA:841,95,1,0
BRDA:841,96,0,0
BRDA:841,96,1,0
BRDA:852,97,0,0
BRDA:852,97,1,0
BRDA:852,98,0,0
BRDA:852,98,1,0
BRDA:875,99,0,0
BRDA:875,99,1,0
BRDA:875,100,0,0
BRDA:875,100,1,0
BRDA:888,101,0,0
BRDA:888,101,1,0
BRDA:888,102,0,0
BRDA:888,102,1,0
BRDA:901,103,0,0
BRDA:901,103,1,0
BRDA:901,104,0,0
BRDA:901,104,1,0
BRDA:921,105,0,0
BRDA:921,105,1,0
BRDA:942,106,0,0
BRDA:942,106,1,0
BRDA:945,107,0,0
BRDA:945,107,1,0
BRF:218
BRH:5
end_of_record
TN:
SF:Controller/analytics.js
FN:8,(anonymous_0)
FN:20,(anonymous_1)
FN:20,(anonymous_2)
FN:53,(anonymous_3)
FN:79,(anonymous_4)
FN:103,(anonymous_5)
FN:125,(anonymous_6)
FN:159,(anonymous_7)
FN:165,(anonymous_8)
FN:178,(anonymous_9)
FN:206,(anonymous_10)
FNF:11
FNH:0
FNDA:0,(anonymous_0)
FNDA:0,(anonymous_1)
FNDA:0,(anonymous_2)
FNDA:0,(anonymous_3)
FNDA:0,(anonymous_4)
FNDA:0,(anonymous_5)
FNDA:0,(anonymous_6)
FNDA:0,(anonymous_7)
FNDA:0,(anonymous_8)
FNDA:0,(anonymous_9)
FNDA:0,(anonymous_10)
DA:1,1
DA:2,1
DA:3,1
DA:4,1
DA:5,1
DA:8,1
DA:9,0
DA:10,0
DA:13,0
DA:14,0
DA:15,0
DA:17,0
DA:18,0
DA:19,0
DA:20,0
DA:22,0
DA:23,0
DA:24,0
DA:25,0
DA:26,0
DA:29,0
DA:30,0
DA:31,0
DA:32,0
DA:33,0
DA:34,0
DA:35,0
DA:36,0
DA:37,0
DA:41,0
DA:48,0
DA:53,1
DA:54,0
DA:55,0
DA:56,0
DA:57,0
DA:58,0
DA:59,0
DA:60,0
DA:61,0
DA:62,0
DA:63,0
DA:64,0
DA:74,0
DA:79,1
DA:80,0
DA:81,0
DA:82,0
DA:83,0
DA:84,0
DA:85,0
DA:86,0
DA:87,0
DA:88,0
DA:98,0
DA:103,1
DA:104,0
DA:105,0
DA:106,0
DA:107,0
DA:108,0
DA:113,0
DA:120,0
DA:125,1
DA:126,0
DA:127,0
DA:128,0
DA:129,0
DA:131,0
DA:136,0
DA:137,0
DA:139,0
DA:146,0
DA:154,0
DA:159,1
DA:160,0
DA:161,0
DA:162,0
DA:163,0
DA:165,0
DA:171,0
DA:173,0
DA:178,1
DA:179,0
DA:180,0
DA:185,0
DA:190,0
DA:195,0
DA:201,0
DA:206,1
DA:207,0
DA:209,0
DA:210,0
DA:213,0
DA:214,0
DA:217,0
DA:218,0
DA:219,0
DA:225,0
DA:232,0
DA:236,1
LF:101
LH:14
BRDA:10,0,0,0
BRDA:10,1,0,0
BRDA:10,2,0,0
BRDA:10,3,0,0
BRDA:17,4,0,0
BRDA:17,4,1,0
BRDA:17,5,0,0
BRDA:17,5,1,0
BRDA:18,6,0,0
BRDA:18,6,1,0
BRDA:19,7,0,0
BRDA:19,7,1,0
BRDA:22,8,0,0
BRDA:22,8,1,0
BRDA:22,9,0,0
BRDA:22,9,1,0
BRDA:23,10,0,0
BRDA:23,10,1,0
BRDA:23,11,0,0
BRDA:23,11,1,0
BRDA:25,12,0,0
BRDA:25,12,1,0
BRDA:25,13,0,0
BRDA:25,13,1,0
BRDA:26,14,0,0
BRDA:26,14,1,0
BRDA:26,15,0,0
BRDA:26,15,1,0
BRDA:29,16,0,0
BRDA:29,16,1,0
BRDA:29,17,0,0
BRDA:29,17,1,0
BRDA:30,18,0,0
BRDA:30,18,1,0
BRDA:30,19,0,0
BRDA:30,19,1,0
BRDA:33,20,0,0
BRDA:33,20,1,0
BRDA:33,21,0,0
BRDA:33,21,1,0
BRDA:34,22,0,0
BRDA:34,22,1,0
BRDA:34,23,0,0
BRDA:34,23,1,0
BRDA:57,24,0,0
BRDA:57,24,1,0
BRDA:105,25,0,0
BRDA:105,26,0,0
BRDA:129,27,0,0
BRDA:129,27,1,0
BRDA:163,28,0,0
BRDA:163,28,1,0
BRDA:209,29,0,0
BRDA:209,29,1,0
BRDA:209,30,0,0
BRDA:209,30,1,0
BRDA:213,31,0,0
BRDA:213,32,0,0
BRF:58
BRH:0
end_of_record
TN:
SF:Controller/certificate.js
FN:24,prepareCertificateData
FN:79,sendToMLAPI
FN:110,generateCertificate
FN:218,generateBatchCertificates
FN:357,getUserCertificates
FN:374,getCertificateById
FN:395,verifyCertificate
FN:448,exportAttendedUsers
FN:483,(anonymous_8)
FN:509,retryCertificateGeneration
FN:567,getCertificateStats
FN:603,getCertificateProgress
FN:630,(anonymous_12)
FN:631,(anonymous_13)
FN:632,(anonymous_14)
FN:658,sendCertificateNotification
FN:710,getCertificateDashboard
FN:722,(anonymous_17)
FN:781,(anonymous_18)
FN:786,(anonymous_19)
FN:807,(anonymous_20)
FN:823,bulkRetryFailedCertificates
FNF:22
FNH:0
FNDA:0,prepareCertificateData
FNDA:0,sendToMLAPI
FNDA:0,generateCertificate
FNDA:0,generateBatchCertificates
FNDA:0,getUserCertificates
FNDA:0,getCertificateById
FNDA:0,verifyCertificate
FNDA:0,exportAttendedUsers
FNDA:0,(anonymous_8)
FNDA:0,retryCertificateGeneration
FNDA:0,getCertificateStats
FNDA:0,getCertificateProgress
FNDA:0,(anonymous_12)
FNDA:0,(anonymous_13)
FNDA:0,(anonymous_14)
FNDA:0,sendCertificateNotification
FNDA:0,getCertificateDashboard
FNDA:0,(anonymous_17)
FNDA:0,(anonymous_18)
FNDA:0,(anonymous_19)
FNDA:0,(anonymous_20)
FNDA:0,bulkRetryFailedCertificates
DA:1,1
DA:2,1
DA:3,1
DA:4,1
DA:5,1
DA:6,1
DA:7,1
DA:8,1
DA:9,1
DA:12,1
DA:25,0
DA:27,0
DA:33,0
DA:34,0
DA:38,0
DA:44,0
DA:47,0
DA:69,0
DA:71,0
DA:72,0
DA:80,0
DA:81,0
DA:90,0
DA:97,0
DA:98,0
DA:111,0
DA:112,0
DA:113,0
DA:116,0
DA:117,0
DA:121,0
DA:122,0
DA:123,0
DA:126,0
DA:127,0
DA:128,0
DA:130,0
DA:131,0
DA:135,0
DA:141,0
DA:142,0
DA:146,0
DA:147,0
DA:148,0
DA:152,0
DA:155,0
DA:164,0
DA:167,0
DA:174,0
DA:175,0
DA:176,0
DA:178,0
DA:179,0
DA:180,0
DA:193,0
DA:196,0
DA:198,0
DA:210,0
DA:211,0
DA:219,0
DA:220,0
DA:221,0
DA:224,0
DA:225,0
DA:229,0
DA:230,0
DA:231,0
DA:234,0
DA:235,0
DA:236,0
DA:238,0
DA:239,0
DA:243,0
DA:248,0
DA:249,0
DA:252,0
DA:261,0
DA:262,0
DA:264,0
DA:269,0
DA:270,0
DA:271,0
DA:278,0
DA:282,0
DA:289,0
DA:298,0
DA:301,0
DA:308,0
DA:309,0
DA:310,0
DA:311,0
DA:313,0
DA:314,0
DA:317,0
DA:319,0
DA:329,0
DA:330,0
DA:331,0
DA:341,0
DA:349,0
DA:350,0
DA:358,0
DA:359,0
DA:360,0
DA:364,0
DA:366,0
DA:367,0
DA:375,0
DA:376,0
DA:377,0
DA:381,0
DA:382,0
DA:385,0
DA:387,0
DA:388,0
DA:396,0
DA:397,0
DA:399,0
DA:400,0
DA:405,0
DA:406,0
DA:408,0
DA:412,0
DA:418,0
DA:419,0
DA:422,0
DA:423,0
DA:426,0
DA:440,0
DA:441,0
DA:449,0
DA:450,0
DA:451,0
DA:454,0
DA:455,0
DA:456,0
DA:459,0
DA:460,0
DA:461,0
DA:463,0
DA:464,0
DA:468,0
DA:475,0
DA:483,0
DA:494,0
DA:501,0
DA:502,0
DA:510,0
DA:511,0
DA:512,0
DA:514,0
DA:517,0
DA:518,0
DA:522,0
DA:523,0
DA:524,0
DA:526,0
DA:527,0
DA:530,0
DA:531,0
DA:535,0
DA:538,0
DA:545,0
DA:546,0
DA:547,0
DA:550,0
DA:552,0
DA:559,0
DA:560,0
DA:568,0
DA:569,0
DA:571,0
DA:581,0
DA:582,0
DA:587,0
DA:595,0
DA:596,0
DA:604,0
DA:605,0
DA:606,0
DA:609,0
DA:610,0
DA:611,0
DA:614,0
DA:615,0
DA:616,0
DA:618,0
DA:619,0
DA:623,0
DA:629,0
DA:630,0
DA:631,0
DA:632,0
DA:633,0
DA:635,0
DA:647,0
DA:650,0
DA:651,0
DA:659,0
DA:660,0
DA:661,0
DA:663,0
DA:667,0
DA:668,0
DA:672,0
DA:673,0
DA:674,0
DA:676,0
DA:677,0
DA:680,0
DA:681,0
DA:684,0
DA:696,0
DA:702,0
DA:703,0
DA:711,0
DA:712,0
DA:713,0
DA:716,0
DA:717,0
DA:718,0
DA:721,0
DA:722,0
DA:724,0
DA:725,0
DA:743,0
DA:744,0
DA:745,0
DA:747,0
DA:748,0
DA:752,0
DA:753,0
DA:756,0
DA:764,0
DA:774,0
DA:781,0
DA:782,0
DA:785,0
DA:786,0
DA:807,0
DA:815,0
DA:816,0
DA:824,0
DA:825,0
DA:826,0
DA:829,0
DA:830,0
DA:831,0
DA:834,0
DA:835,0
DA:836,0
DA:838,0
DA:839,0
DA:843,0
DA:848,0
DA:849,0
DA:852,0
DA:861,0
DA:862,0
DA:864,0
DA:867,0
DA:874,0
DA:875,0
DA:876,0
DA:877,0
DA:879,0
DA:880,0
DA:883,0
DA:884,0
DA:886,0
DA:894,0
DA:895,0
DA:896,0
DA:905,0
DA:913,0
DA:914,0
DA:918,1
LF:277
LH:11
BRDA:13,0,0,1
BRDA:13,0,1,1
BRDA:17,1,0,1
BRDA:17,1,1,1
BRDA:33,2,0,0
BRDA:33,2,1,0
BRDA:33,3,0,0
BRDA:33,3,1,0
BRDA:33,3,2,0
BRDA:53,4,0,0
BRDA:53,4,1,0
BRDA:54,5,0,0
BRDA:54,5,1,0
BRDA:55,6,0,0
BRDA:55,6,1,0
BRDA:57,7,0,0
BRDA:57,7,1,0
BRDA:58,8,0,0
BRDA:58,8,1,0
BRDA:63,9,0,0
BRDA:63,9,1,0
BRDA:97,10,0,0
BRDA:97,10,1,0
BRDA:101,11,0,0
BRDA:101,11,1,0
BRDA:112,12,0,0
BRDA:116,13,0,0
BRDA:116,13,1,0
BRDA:116,14,0,0
BRDA:116,14,1,0
BRDA:122,15,0,0
BRDA:122,15,1,0
BRDA:130,16,0,0
BRDA:130,16,1,0
BRDA:130,17,0,0
BRDA:130,17,1,0
BRDA:130,17,2,0
BRDA:141,18,0,0
BRDA:141,18,1,0
BRDA:147,19,0,0
BRDA:147,19,1,0
BRDA:174,20,0,0
BRDA:174,20,1,0
BRDA:179,21,0,0
BRDA:179,21,1,0
BRDA:220,22,0,0
BRDA:224,23,0,0
BRDA:224,23,1,0
BRDA:230,24,0,0
BRDA:230,24,1,0
BRDA:238,25,0,0
BRDA:238,25,1,0
BRDA:238,26,0,0
BRDA:238,26,1,0
BRDA:238,26,2,0
BRDA:248,27,0,0
BRDA:248,27,1,0
BRDA:269,28,0,0
BRDA:269,28,1,0
BRDA:308,29,0,0
BRDA:308,29,1,0
BRDA:359,30,0,0
BRDA:359,30,1,0
BRDA:381,31,0,0
BRDA:381,31,1,0
BRDA:399,32,0,0
BRDA:399,32,1,0
BRDA:418,33,0,0
BRDA:418,33,1,0
BRDA:422,34,0,0
BRDA:422,34,1,0
BRDA:455,35,0,0
BRDA:455,35,1,0
BRDA:463,36,0,0
BRDA:463,36,1,0
BRDA:463,37,0,0
BRDA:463,37,1,0
BRDA:463,37,2,0
BRDA:480,38,0,0
BRDA:480,38,1,0
BRDA:487,39,0,0
BRDA:487,39,1,0
BRDA:488,40,0,0
BRDA:488,40,1,0
BRDA:517,41,0,0
BRDA:517,41,1,0
BRDA:526,42,0,0
BRDA:526,42,1,0
BRDA:526,43,0,0
BRDA:526,43,1,0
BRDA:526,43,2,0
BRDA:530,44,0,0
BRDA:530,44,1,0
BRDA:545,45,0,0
BRDA:545,45,1,0
BRDA:610,46,0,0
BRDA:610,46,1,0
BRDA:618,47,0,0
BRDA:618,47,1,0
BRDA:618,48,0,0
BRDA:618,48,1,0
BRDA:618,48,2,0
BRDA:643,49,0,0
BRDA:643,49,1,0
BRDA:644,50,0,0
BRDA:644,50,1,0
BRDA:667,51,0,0
BRDA:667,51,1,0
BRDA:676,52,0,0
BRDA:676,52,1,0
BRDA:676,53,0,0
BRDA:676,53,1,0
BRDA:676,53,2,0
BRDA:680,54,0,0
BRDA:680,54,1,0
BRDA:713,55,0,0
BRDA:713,56,0,0
BRDA:717,57,0,0
BRDA:717,57,1,0
BRDA:724,58,0,0
BRDA:724,58,1,0
BRDA:744,59,0,0
BRDA:744,59,1,0
BRDA:747,60,0,0
BRDA:747,60,1,0
BRDA:830,61,0,0
BRDA:830,61,1,0
BRDA:838,62,0,0
BRDA:838,62,1,0
BRDA:838,63,0,0
BRDA:838,63,1,0
BRDA:838,63,2,0
BRDA:848,64,0,0
BRDA:848,64,1,0
BRDA:874,65,0,0
BRDA:874,65,1,0
BRF:136
BRH:4
end_of_record
TN:
SF:Controller/event.js
FN:29,createEvent
FN:52,getEventById
FN:63,updateEvent
FN:81,deleteEvent
FN:92,rsvpEvent
FN:112,(anonymous_5)
FN:118,(anonymous_6)
FN:139,(anonymous_7)
FN:140,(anonymous_8)
FN:141,(anonymous_9)
FN:147,(anonymous_10)
FN:155,cancelRsvp
FN:165,(anonymous_12)
FN:205,sendQrEmail
FN:215,getParticipants
FN:219,(anonymous_15)
FN:221,(anonymous_16)
FN:222,(anonymous_17)
FN:240,scanQr
FN:251,(anonymous_19)
FN:300,getEventAnalytics
FN:305,(anonymous_21)
FN:306,(anonymous_22)
FN:307,(anonymous_23)
FN:308,(anonymous_24)
FN:309,(anonymous_25)
FN:310,(anonymous_26)
FN:328,nominateCoHost
FN:341,(anonymous_28)
FN:364,(anonymous_29)
FN:368,(anonymous_30)
FN:369,(anonymous_31)
FN:387,approveCoHost
FN:399,(anonymous_33)
FN:405,(anonymous_34)
FN:434,rejectCoHost
FN:446,(anonymous_36)
FN:477,verifyEvent
FN:505,getGoogleCalendarLink
FNF:39
FNH:0
FNDA:0,createEvent
FNDA:0,getEventById
FNDA:0,updateEvent
FNDA:0,deleteEvent
FNDA:0,rsvpEvent
FNDA:0,(anonymous_5)
FNDA:0,(anonymous_6)
FNDA:0,(anonymous_7)
FNDA:0,(anonymous_8)
FNDA:0,(anonymous_9)
FNDA:0,(anonymous_10)
FNDA:0,cancelRsvp
FNDA:0,(anonymous_12)
FNDA:0,sendQrEmail
FNDA:0,getParticipants
FNDA:0,(anonymous_15)
FNDA:0,(anonymous_16)
FNDA:0,(anonymous_17)
FNDA:0,scanQr
FNDA:0,(anonymous_19)
FNDA:0,getEventAnalytics
FNDA:0,(anonymous_21)
FNDA:0,(anonymous_22)
FNDA:0,(anonymous_23)
FNDA:0,(anonymous_24)
FNDA:0,(anonymous_25)
FNDA:0,(anonymous_26)
FNDA:0,nominateCoHost
FNDA:0,(anonymous_28)
FNDA:0,(anonymous_29)
FNDA:0,(anonymous_30)
FNDA:0,(anonymous_31)
FNDA:0,approveCoHost
FNDA:0,(anonymous_33)
FNDA:0,(anonymous_34)
FNDA:0,rejectCoHost
FNDA:0,(anonymous_36)
FNDA:0,verifyEvent
FNDA:0,getGoogleCalendarLink
DA:19,1
DA:20,1
DA:21,1
DA:22,1
DA:23,1
DA:24,1
DA:25,1
DA:26,1
DA:30,0
DA:31,0
DA:33,0
DA:34,0
DA:36,0
DA:37,0
DA:39,0
DA:45,0
DA:47,0
DA:53,0
DA:54,0
DA:55,0
DA:56,0
DA:58,0
DA:64,0
DA:65,0
DA:66,0
DA:67,0
DA:69,0
DA:70,0
DA:72,0
DA:73,0
DA:74,0
DA:76,0
DA:82,0
DA:83,0
DA:84,0
DA:85,0
DA:87,0
DA:93,0
DA:94,0
DA:95,0
DA:96,0
DA:97,0
DA:99,0
DA:100,0
DA:101,0
DA:103,0
DA:105,0
DA:107,0
DA:111,0
DA:112,0
DA:113,0
DA:114,0
DA:118,0
DA:119,0
DA:122,0
DA:123,0
DA:124,0
DA:126,0
DA:138,0
DA:139,0
DA:140,0
DA:141,0
DA:142,0
DA:147,0
DA:150,0
DA:156,0
DA:157,0
DA:158,0
DA:159,0
DA:160,0
DA:162,0
DA:163,0
DA:165,0
DA:166,0
DA:168,0
DA:169,0
DA:170,0
DA:172,0
DA:173,0
DA:174,0
DA:175,0
DA:177,0
DA:178,0
DA:179,0
DA:193,0
DA:194,0
DA:197,0
DA:198,0
DA:200,0
DA:206,0
DA:216,0
DA:217,0
DA:218,0
DA:219,0
DA:221,0
DA:222,0
DA:223,0
DA:233,0
DA:235,0
DA:241,0
DA:242,0
DA:243,0
DA:244,0
DA:247,0
DA:248,0
DA:249,0
DA:250,0
DA:251,0
DA:252,0
DA:253,0
DA:256,0
DA:257,0
DA:258,0
DA:259,0
DA:260,0
DA:262,0
DA:264,0
DA:265,0
DA:266,0
DA:267,0
DA:270,0
DA:271,0
DA:272,0
DA:273,0
DA:274,0
DA:276,0
DA:277,0
DA:278,0
DA:291,0
DA:292,0
DA:294,0
DA:295,0
DA:301,0
DA:302,0
DA:303,0
DA:304,0
DA:305,0
DA:306,0
DA:307,0
DA:308,0
DA:309,0
DA:310,0
DA:312,0
DA:323,0
DA:329,0
DA:330,0
DA:331,0
DA:332,0
DA:334,0
DA:335,0
DA:337,0
DA:338,0
DA:341,0
DA:342,0
DA:344,0
DA:345,0
DA:347,0
DA:348,0
DA:349,0
DA:362,0
DA:363,0
DA:364,0
DA:369,0
DA:370,0
DA:378,0
DA:379,0
DA:381,0
DA:382,0
DA:388,0
DA:389,0
DA:390,0
DA:391,0
DA:393,0
DA:394,0
DA:396,0
DA:397,0
DA:399,0
DA:400,0
DA:401,0
DA:402,0
DA:403,0
DA:405,0
DA:406,0
DA:408,0
DA:410,0
DA:411,0
DA:412,0
DA:425,0
DA:426,0
DA:428,0
DA:429,0
DA:435,0
DA:436,0
DA:437,0
DA:438,0
DA:440,0
DA:441,0
DA:443,0
DA:444,0
DA:446,0
DA:447,0
DA:448,0
DA:449,0
DA:450,0
DA:451,0
DA:453,0
DA:454,0
DA:455,0
DA:468,0
DA:469,0
DA:471,0
DA:472,0
DA:478,0
DA:479,0
DA:480,0
DA:481,0
DA:482,0
DA:483,0
DA:485,0
DA:486,0
DA:487,0
DA:500,0
DA:506,0
DA:507,0
DA:508,0
DA:509,0
DA:510,0
DA:511,0
DA:512,0
DA:514,0
DA:518,1
LF:231
LH:9
BRDA:33,0,0,0
BRDA:33,0,1,0
BRDA:33,1,0,0
BRDA:33,1,1,0
BRDA:36,2,0,0
BRDA:36,2,1,0
BRDA:36,3,0,0
BRDA:36,3,1,0
BRDA:55,4,0,0
BRDA:55,4,1,0
BRDA:66,5,0,0
BRDA:66,5,1,0
BRDA:66,6,0,0
BRDA:66,6,1,0
BRDA:69,7,0,0
BRDA:69,7,1,0
BRDA:69,8,0,0
BRDA:69,8,1,0
BRDA:73,9,0,0
BRDA:73,9,1,0
BRDA:84,10,0,0
BRDA:84,10,1,0
BRDA:97,11,0,0
BRDA:97,11,1,0
BRDA:100,12,0,0
BRDA:100,12,1,0
BRDA:101,13,0,0
BRDA:101,13,1,0
BRDA:111,14,0,0
BRDA:111,14,1,0
BRDA:112,15,0,0
BRDA:112,15,1,0
BRDA:138,16,0,0
BRDA:138,16,1,0
BRDA:160,17,0,0
BRDA:160,17,1,0
BRDA:163,18,0,0
BRDA:163,18,1,0
BRDA:168,19,0,0
BRDA:168,19,1,0
BRDA:169,20,0,0
BRDA:169,20,1,0
BRDA:173,21,0,0
BRDA:173,21,1,0
BRDA:178,22,0,0
BRDA:178,22,1,0
BRDA:243,23,0,0
BRDA:243,23,1,0
BRDA:243,24,0,0
BRDA:243,24,1,0
BRDA:248,25,0,0
BRDA:248,25,1,0
BRDA:250,26,0,0
BRDA:250,26,1,0
BRDA:251,27,0,0
BRDA:251,27,1,0
BRDA:252,28,0,0
BRDA:252,28,1,0
BRDA:252,29,0,0
BRDA:252,29,1,0
BRDA:256,30,0,0
BRDA:256,30,1,0
BRDA:259,31,0,0
BRDA:259,31,1,0
BRDA:259,32,0,0
BRDA:259,32,1,0
BRDA:265,33,0,0
BRDA:265,33,1,0
BRDA:266,34,0,0
BRDA:266,34,1,0
BRDA:277,35,0,0
BRDA:277,35,1,0
BRDA:320,36,0,0
BRDA:320,36,1,0
BRDA:331,37,0,0
BRDA:331,37,1,0
BRDA:331,38,0,0
BRDA:331,38,1,0
BRDA:335,39,0,0
BRDA:335,39,1,0
BRDA:337,40,0,0
BRDA:337,40,1,0
BRDA:341,41,0,0
BRDA:341,41,1,0
BRDA:341,42,0,0
BRDA:341,42,1,0
BRDA:348,43,0,0
BRDA:348,43,1,0
BRDA:370,44,0,0
BRDA:370,44,1,0
BRDA:390,45,0,0
BRDA:390,45,1,0
BRDA:390,46,0,0
BRDA:390,46,1,0
BRDA:394,47,0,0
BRDA:394,47,1,0
BRDA:396,48,0,0
BRDA:396,48,1,0
BRDA:396,49,0,0
BRDA:396,49,1,0
BRDA:399,50,0,0
BRDA:399,50,1,0
BRDA:400,51,0,0
BRDA:400,51,1,0
BRDA:405,52,0,0
BRDA:405,52,1,0
BRDA:411,53,0,0
BRDA:411,53,1,0
BRDA:437,54,0,0
BRDA:437,54,1,0
BRDA:437,55,0,0
BRDA:437,55,1,0
BRDA:441,56,0,0
BRDA:441,56,1,0
BRDA:443,57,0,0
BRDA:443,57,1,0
BRDA:443,58,0,0
BRDA:443,58,1,0
BRDA:446,59,0,0
BRDA:446,59,1,0
BRDA:447,60,0,0
BRDA:447,60,1,0
BRDA:454,61,0,0
BRDA:454,61,1,0
BRDA:480,62,0,0
BRDA:480,62,1,0
BRDA:486,63,0,0
BRDA:486,63,1,0
BRDA:508,64,0,0
BRDA:508,64,1,0
BRF:130
BRH:0
end_of_record
TN:
SF:Controller/host.js
FN:6,getHostDashboard
FN:11,(anonymous_1)
FN:14,(anonymous_2)
FN:17,(anonymous_3)
FN:18,(anonymous_4)
FN:19,(anonymous_5)
FN:20,(anonymous_6)
FN:35,(anonymous_7)
FN:36,(anonymous_8)
FN:51,createEvent
FN:66,updateEvent
FN:81,deleteEvent
FN:96,getMyEvents
FN:107,getEventParticipants
FN:116,(anonymous_14)
FNF:15
FNH:0
FNDA:0,getHostDashboard
FNDA:0,(anonymous_1)
FNDA:0,(anonymous_2)
FNDA:0,(anonymous_3)
FNDA:0,(anonymous_4)
FNDA:0,(anonymous_5)
FNDA:0,(anonymous_6)
FNDA:0,(anonymous_7)
FNDA:0,(anonymous_8)
FNDA:0,createEvent
FNDA:0,updateEvent
FNDA:0,deleteEvent
FNDA:0,getMyEvents
FNDA:0,getEventParticipants
FNDA:0,(anonymous_14)
DA:1,1
DA:2,1
DA:3,1
DA:7,0
DA:8,0
DA:9,0
DA:10,0
DA:11,0
DA:14,0
DA:15,0
DA:16,0
DA:17,0
DA:18,0
DA:19,0
DA:20,0
DA:22,0
DA:35,0
DA:36,0
DA:38,0
DA:46,0
DA:52,0
DA:53,0
DA:54,0
DA:55,0
DA:56,0
DA:58,0
DA:59,0
DA:61,0
DA:67,0
DA:68,0
DA:69,0
DA:70,0
DA:71,0
DA:72,0
DA:73,0
DA:74,0
DA:76,0
DA:82,0
DA:83,0
DA:84,0
DA:85,0
DA:86,0
DA:88,0
DA:89,0
DA:91,0
DA:97,0
DA:98,0
DA:99,0
DA:100,0
DA:102,0
DA:108,0
DA:109,0
DA:110,0
DA:111,0
DA:112,0
DA:115,0
DA:116,0
DA:128,0
DA:130,0
DA:134,1
LF:60
LH:4
BRDA:11,0,0,0
BRDA:11,0,1,0
BRDA:30,1,0,0
BRDA:30,1,1,0
BRDA:71,2,0,0
BRDA:71,2,1,0
BRDA:86,3,0,0
BRDA:86,3,1,0
BRDA:112,4,0,0
BRDA:112,4,1,0
BRF:10
BRH:0
end_of_record
TN:
SF:Controller/institution.js
FN:8,createInstitution
FN:19,getInstitutions
FN:29,getInstitutionById
FN:40,updateInstitution
FN:51,deleteInstitution
FN:62,requestInstitutionVerification
FN:75,approveInstitutionVerification
FN:89,rejectInstitutionVerification
FN:102,getInstitutionAnalytics
FN:115,getInstitutionDashboard
FN:123,(anonymous_10)
FN:128,(anonymous_11)
FN:130,(anonymous_12)
FN:139,(anonymous_13)
FN:140,(anonymous_14)
FN:145,(anonymous_15)
FN:146,(anonymous_16)
FN:151,(anonymous_17)
FN:154,(anonymous_18)
FN:159,(anonymous_19)
FN:161,(anonymous_20)
FN:168,(anonymous_21)
FNF:22
FNH:0
FNDA:0,createInstitution
FNDA:0,getInstitutions
FNDA:0,getInstitutionById
FNDA:0,updateInstitution
FNDA:0,deleteInstitution
FNDA:0,requestInstitutionVerification
FNDA:0,approveInstitutionVerification
FNDA:0,rejectInstitutionVerification
FNDA:0,getInstitutionAnalytics
FNDA:0,getInstitutionDashboard
FNDA:0,(anonymous_10)
FNDA:0,(anonymous_11)
FNDA:0,(anonymous_12)
FNDA:0,(anonymous_13)
FNDA:0,(anonymous_14)
FNDA:0,(anonymous_15)
FNDA:0,(anonymous_16)
FNDA:0,(anonymous_17)
FNDA:0,(anonymous_18)
FNDA:0,(anonymous_19)
FNDA:0,(anonymous_20)
FNDA:0,(anonymous_21)
DA:1,1
DA:2,1
DA:3,1
DA:4,1
DA:5,1
DA:9,0
DA:10,0
DA:11,0
DA:12,0
DA:14,0
DA:20,0
DA:21,0
DA:22,0
DA:24,0
DA:30,0
DA:31,0
DA:32,0
DA:33,0
DA:35,0
DA:41,0
DA:42,0
DA:43,0
DA:44,0
DA:46,0
DA:52,0
DA:53,0
DA:54,0
DA:55,0
DA:57,0
DA:63,0
DA:64,0
DA:65,0
DA:66,0
DA:67,0
DA:68,0
DA:70,0
DA:76,0
DA:77,0
DA:78,0
DA:79,0
DA:80,0
DA:81,0
DA:82,0
DA:84,0
DA:90,0
DA:91,0
DA:92,0
DA:93,0
DA:94,0
DA:95,0
DA:97,0
DA:103,0
DA:104,0
DA:105,0
DA:106,0
DA:108,0
DA:110,0
DA:116,0
DA:117,0
DA:119,0
DA:121,0
DA:123,0
DA:124,0
DA:126,0
DA:128,0
DA:130,0
DA:131,0
DA:133,0
DA:135,0
DA:136,0
DA:138,0
DA:140,0
DA:141,0
DA:145,0
DA:146,0
DA:151,0
DA:153,0
DA:154,0
DA:155,0
DA:156,0
DA:158,0
DA:159,0
DA:161,0
DA:166,0
DA:167,0
DA:168,0
DA:169,0
DA:172,0
DA:173,0
DA:176,0
DA:180,0
DA:200,0
DA:204,1
LF:93
LH:6
BRDA:32,0,0,0
BRDA:32,0,1,0
BRDA:43,1,0,0
BRDA:43,1,1,0
BRDA:54,2,0,0
BRDA:54,2,1,0
BRDA:65,3,0,0
BRDA:65,3,1,0
BRDA:78,4,0,0
BRDA:78,4,1,0
BRDA:92,5,0,0
BRDA:92,5,1,0
BRDA:126,6,0,0
BRDA:126,6,1,0
BRDA:156,7,0,0
BRDA:156,7,1,0
BRDA:169,8,0,0
BRDA:169,8,1,0
BRF:18
BRH:0
end_of_record
TN:
SF:Controller/recommendation.js
FN:13,getEventRecommendations
FN:37,(anonymous_1)
FN:37,(anonymous_2)
FN:44,(anonymous_3)
FN:44,(anonymous_4)
FN:62,(anonymous_5)
FN:84,(anonymous_6)
FN:90,(anonymous_7)
FN:91,(anonymous_8)
FN:110,(anonymous_9)
FN:159,getFallbackRecommendations
FN:160,(anonymous_11)
FN:161,(anonymous_12)
FN:164,(anonymous_13)
FN:166,(anonymous_14)
FN:171,(anonymous_15)
FN:178,(anonymous_16)
FN:184,(anonymous_17)
FN:205,(anonymous_18)
FN:212,getSimilarEvents
FN:237,(anonymous_20)
FN:277,calculateSimilarityScore
FN:283,(anonymous_22)
FN:298,getSimilarityReason
FN:307,(anonymous_24)
FN:323,updateUserPreferences
FN:344,(anonymous_26)
FNF:27
FNH:0
FNDA:0,getEventRecommendations
FNDA:0,(anonymous_1)
FNDA:0,(anonymous_2)
FNDA:0,(anonymous_3)
FNDA:0,(anonymous_4)
FNDA:0,(anonymous_5)
FNDA:0,(anonymous_6)
FNDA:0,(anonymous_7)
FNDA:0,(anonymous_8)
FNDA:0,(anonymous_9)
FNDA:0,getFallbackRecommendations
FNDA:0,(anonymous_11)
FNDA:0,(anonymous_12)
FNDA:0,(anonymous_13)
FNDA:0,(anonymous_14)
FNDA:0,(anonymous_15)
FNDA:0,(anonymous_16)
FNDA:0,(anonymous_17)
FNDA:0,(anonymous_18)
FNDA:0,getSimilarEvents
FNDA:0,(anonymous_20)
FNDA:0,calculateSimilarityScore
FNDA:0,(anonymous_22)
FNDA:0,getSimilarityReason
FNDA:0,(anonymous_24)
FNDA:0,updateUserPreferences
FNDA:0,(anonymous_26)
DA:1,1
DA:2,1
DA:3,1
DA:4,1
DA:5,1
DA:8,1
DA:14,0
DA:15,0
DA:16,0
DA:19,0
DA:20,0
DA:21,0
DA:25,0
DA:31,0
DA:37,0
DA:44,0
DA:54,0
DA:60,0
DA:62,0
DA:76,0
DA:77,0
DA:81,0
DA:84,0
DA:85,0
DA:90,0
DA:91,0
DA:92,0
DA:110,0
DA:112,0
DA:128,0
DA:131,0
DA:133,0
DA:151,0
DA:152,0
DA:160,0
DA:161,0
DA:164,0
DA:165,0
DA:166,0
DA:167,0
DA:168,0
DA:171,0
DA:172,0
DA:173,0
DA:174,0
DA:178,0
DA:179,0
DA:180,0
DA:184,0
DA:185,0
DA:187,0
DA:204,0
DA:205,0
DA:213,0
DA:214,0
DA:215,0
DA:217,0
DA:218,0
DA:219,0
DA:223,0
DA:237,0
DA:256,0
DA:269,0
DA:270,0
DA:278,0
DA:281,0
DA:282,0
DA:283,0
DA:284,0
DA:287,0
DA:290,0
DA:292,0
DA:299,0
DA:301,0
DA:302,0
DA:305,0
DA:306,0
DA:307,0
DA:309,0
DA:310,0
DA:313,0
DA:314,0
DA:317,0
DA:324,0
DA:325,0
DA:326,0
DA:328,0
DA:329,0
DA:330,0
DA:333,0
DA:334,0
DA:335,0
DA:339,0
DA:340,0
DA:342,0
DA:344,0
DA:345,0
DA:346,0
DA:351,0
DA:352,0
DA:357,0
DA:362,0
DA:369,0
DA:370,0
DA:374,1
LF:105
LH:7
BRDA:8,0,0,1
BRDA:8,0,1,1
BRDA:16,1,0,0
BRDA:16,2,0,0
BRDA:20,3,0,0
BRDA:20,3,1,0
BRDA:35,4,0,0
BRDA:35,4,1,0
BRDA:36,5,0,0
BRDA:36,5,1,0
BRDA:41,6,0,0
BRDA:41,6,1,0
BRDA:48,7,0,0
BRDA:48,7,1,0
BRDA:67,8,0,0
BRDA:67,8,1,0
BRDA:81,9,0,0
BRDA:81,9,1,0
BRDA:96,10,0,0
BRDA:96,10,1,0
BRDA:166,11,0,0
BRDA:166,11,1,0
BRDA:167,12,0,0
BRDA:167,12,1,0
BRDA:168,13,0,0
BRDA:168,13,1,0
BRDA:172,14,0,0
BRDA:172,14,1,0
BRDA:173,15,0,0
BRDA:173,15,1,0
BRDA:174,16,0,0
BRDA:174,16,1,0
BRDA:179,17,0,0
BRDA:179,17,1,0
BRDA:180,18,0,0
BRDA:180,18,1,0
BRDA:185,19,0,0
BRDA:185,19,1,0
BRDA:190,20,0,0
BRDA:190,20,1,0
BRDA:215,21,0,0
BRDA:218,22,0,0
BRDA:218,22,1,0
BRDA:228,23,0,0
BRDA:228,23,1,0
BRDA:281,24,0,0
BRDA:281,24,1,0
BRDA:282,25,0,0
BRDA:282,25,1,0
BRDA:287,26,0,0
BRDA:287,26,1,0
BRDA:290,27,0,0
BRDA:290,27,1,0
BRDA:301,28,0,0
BRDA:301,28,1,0
BRDA:305,29,0,0
BRDA:305,29,1,0
BRDA:306,30,0,0
BRDA:306,30,1,0
BRDA:309,31,0,0
BRDA:309,31,1,0
BRDA:313,32,0,0
BRDA:313,32,1,0
BRDA:329,33,0,0
BRDA:329,33,1,0
BRDA:334,34,0,0
BRDA:334,34,1,0
BRDA:339,35,0,0
BRDA:339,35,1,0
BRDA:340,36,0,0
BRDA:340,36,1,0
BRDA:342,37,0,0
BRDA:342,37,1,0
BRDA:342,38,0,0
BRDA:342,38,1,0
BRDA:344,39,0,0
BRDA:344,39,1,0
BRDA:345,40,0,0
BRDA:345,40,1,0
BRDA:351,41,0,0
BRDA:351,41,1,0
BRDA:351,42,0,0
BRDA:351,42,1,0
BRF:83
BRH:2
end_of_record
TN:
SF:Middleware/Auth.js
FN:9,authenticateToken
FN:13,(anonymous_1)
FN:24,requireRole
FN:25,(anonymous_3)
FN:37,requireSelfOrRole
FN:38,(anonymous_5)
FN:39,(anonymous_6)
FNF:7
FNH:3
FNDA:2,authenticateToken
FNDA:0,(anonymous_1)
FNDA:25,requireRole
FNDA:0,(anonymous_3)
FNDA:7,requireSelfOrRole
FNDA:0,(anonymous_5)
FNDA:0,(anonymous_6)
DA:1,1
DA:3,1
DA:10,2
DA:11,2
DA:12,2
DA:13,0
DA:14,0
DA:15,0
DA:16,0
DA:25,25
DA:26,0
DA:27,0
DA:29,0
DA:38,7
DA:39,0
DA:40,0
DA:42,0
DA:46,1
LF:18
LH:8
BRDA:11,0,0,2
BRDA:11,0,1,0
BRDA:12,1,0,2
BRDA:12,1,1,0
BRDA:14,2,0,0
BRDA:14,2,1,0
BRDA:26,3,0,0
BRDA:26,3,1,0
BRDA:26,4,0,0
BRDA:26,4,1,0
BRDA:26,4,2,0
BRDA:37,5,0,0
BRDA:39,6,0,0
BRDA:39,6,1,0
BRDA:39,7,0,0
BRDA:39,7,1,0
BRDA:39,7,2,0
BRF:17
BRH:2
end_of_record
TN:
SF:Middleware/JWTcheck.js
FNF:0
FNH:0
LF:0
LH:0
BRF:0
BRH:0
end_of_record
TN:
SF:Middleware/errorHandler.js
FN:2,errorHandler
FNF:1
FNH:1
FNDA:1,errorHandler
DA:2,1
DA:3,1
DA:4,1
LF:3
LH:3
BRDA:4,0,0,1
BRDA:4,0,1,0
BRDA:6,1,0,1
BRDA:6,1,1,0
BRDA:7,2,0,1
BRDA:7,2,1,1
BRF:6
BRH:4
end_of_record
TN:
SF:Middleware/permissions.js
FN:3,requireHostOrCoHost
FN:11,(anonymous_1)
FN:20,requireVerifier
FN:25,requireAdmin
FN:30,requireInstitution
FN:35,requireSelfOrRole
FN:36,(anonymous_6)
FNF:7
FNH:0
FNDA:0,requireHostOrCoHost
FNDA:0,(anonymous_1)
FNDA:0,requireVerifier
FNDA:0,requireAdmin
FNDA:0,requireInstitution
FNDA:0,requireSelfOrRole
FNDA:0,(anonymous_6)
DA:1,1
DA:4,0
DA:5,0
DA:6,0
DA:7,0
DA:8,0
DA:9,0
DA:11,0
DA:12,0
DA:14,0
DA:16,0
DA:21,0
DA:22,0
DA:26,0
DA:27,0
DA:31,0
DA:32,0
DA:36,0
DA:37,0
DA:38,0
DA:42,1
LF:21
LH:2
BRDA:5,0,0,0
BRDA:5,0,1,0
BRDA:8,1,0,0
BRDA:8,1,1,0
BRDA:11,2,0,0
BRDA:11,2,1,0
BRDA:11,3,0,0
BRDA:11,3,1,0
BRDA:21,4,0,0
BRDA:21,4,1,0
BRDA:21,5,0,0
BRDA:21,5,1,0
BRDA:26,6,0,0
BRDA:26,6,1,0
BRDA:31,7,0,0
BRDA:31,7,1,0
BRDA:31,8,0,0
BRDA:31,8,1,0
BRDA:37,9,0,0
BRDA:37,9,1,0
BRDA:37,10,0,0
BRDA:37,10,1,0
BRDA:37,10,2,0
BRF:23
BRH:0
end_of_record
TN:
SF:Middleware/upload.js
FNF:0
FNH:0
DA:1,1
DA:2,1
DA:3,1
DA:5,1
LF:4
LH:4
BRF:0
BRH:0
end_of_record
TN:
SF:Models/Achievement.js
FNF:0
FNH:0
DA:1,2
DA:3,2
DA:12,2
LF:3
LH:3
BRF:0
BRH:0
end_of_record
TN:
SF:Models/Certificate.js
FN:71,(anonymous_0)
FNF:1
FNH:0
FNDA:0,(anonymous_0)
DA:1,2
DA:3,2
DA:66,2
DA:67,2
DA:68,2
DA:71,2
DA:72,0
DA:73,0
DA:76,2
LF:9
LH:7
BRF:0
BRH:0
end_of_record
TN:
SF:Models/Event.js
FNF:0
FNH:0
DA:1,2
DA:7,2
DA:48,2
DA:49,2
DA:50,2
DA:52,2
LF:6
LH:6
BRF:0
BRH:0
end_of_record
TN:
SF:Models/EventParticipationLog.js
FNF:0
FNH:0
DA:1,1
DA:7,1
DA:20,1
DA:22,1
LF:4
LH:4
BRF:0
BRH:0
end_of_record
TN:
SF:Models/EventVerification.js
FNF:0
FNH:0
DA:1,0
DA:3,0
DA:11,0
LF:3
LH:0
BRF:0
BRH:0
end_of_record
TN:
SF:Models/Institution.js
FNF:0
FNH:0
DA:1,2
DA:3,2
DA:19,2
LF:3
LH:3
BRF:0
BRH:0
end_of_record
TN:
SF:Models/Notification.js
FNF:0
FNH:0
DA:1,0
DA:3,0
DA:11,0
LF:3
LH:0
BRF:0
BRH:0
end_of_record
TN:
SF:Models/SearchAnalytics.js
FNF:0
FNH:0
DA:1,1
DA:3,1
DA:10,1
LF:3
LH:3
BRF:0
BRH:0
end_of_record
TN:
SF:Models/User.js
FN:74,(anonymous_0)
FNF:1
FNH:0
FNDA:0,(anonymous_0)
DA:1,2
DA:3,2
DA:11,2
DA:18,2
DA:23,2
DA:29,2
DA:74,2
DA:75,0
DA:76,0
DA:79,2
DA:81,2
LF:11
LH:9
BRF:0
BRH:0
end_of_record
TN:
SF:Models/VerifierAssignment.js
FNF:0
FNH:0
DA:1,0
DA:3,0
DA:10,0
LF:3
LH:0
BRF:0
BRH:0
end_of_record
TN:
SF:Routes/certificateRoutes.js
FNF:0
FNH:0
DA:1,1
DA:15,1
DA:16,1
DA:18,1
DA:100,1
DA:125,1
DA:149,1
DA:185,1
DA:216,1
DA:271,1
DA:333,1
DA:372,1
DA:430,1
DA:477,1
DA:512,1
DA:615,1
DA:665,1
DA:667,1
LF:18
LH:18
BRF:0
BRH:0
end_of_record
TN:
SF:Routes/eventRoutes.js
FNF:0
FNH:0
DA:1,1
DA:2,1
DA:18,1
DA:19,1
DA:20,1
DA:21,1
DA:23,1
DA:55,1
DA:75,1
DA:101,1
DA:121,1
DA:144,1
DA:170,1
DA:190,1
DA:214,1
DA:234,1
DA:265,1
DA:295,1
DA:325,1
DA:345,1
DA:365,1
DA:368,1
DA:370,1
DA:372,1
DA:374,1
DA:377,1
DA:379,1
DA:381,1
DA:383,1
DA:385,1
LF:30
LH:30
BRF:0
BRH:0
end_of_record
TN:
SF:Routes/hostRoutes.js
FNF:0
FNH:0
DA:1,1
DA:9,1
DA:10,1
DA:12,1
DA:45,1
DA:69,1
DA:127,1
DA:196,1
DA:197,1
DA:233,1
DA:235,1
LF:11
LH:11
BRF:0
BRH:0
end_of_record
TN:
SF:Routes/institutionRoutes.js
FNF:0
FNH:0
DA:1,1
DA:13,1
DA:14,1
DA:16,1
DA:42,1
DA:56,1
DA:76,1
DA:102,1
DA:122,1
DA:142,1
DA:162,1
DA:182,1
DA:202,1
DA:222,1
DA:224,1
LF:15
LH:15
BRF:0
BRH:0
end_of_record
TN:
SF:Routes/recommendationRoutes.js
FNF:0
FNH:0
DA:1,1
DA:6,1
DA:7,1
DA:9,1
DA:62,1
DA:102,1
DA:148,1
DA:150,1
LF:8
LH:8
BRF:0
BRH:0
end_of_record
TN:
SF:Routes/userRoutes.js
FN:771,(anonymous_0)
FN:802,(anonymous_1)
FN:827,(anonymous_2)
FNF:3
FNH:0
FNDA:0,(anonymous_0)
FNDA:0,(anonymous_1)
FNDA:0,(anonymous_2)
DA:1,1
DA:28,1
DA:34,1
DA:40,1
DA:42,1
DA:155,1
DA:196,1
DA:235,1
DA:273,1
DA:298,1
DA:328,1
DA:355,1
DA:399,1
DA:421,1
DA:466,1
DA:516,1
DA:534,1
DA:565,1
DA:591,1
DA:629,1
DA:655,1
DA:692,1
DA:729,1
DA:771,1
DA:772,0
DA:773,0
DA:774,0
DA:776,0
DA:802,1
DA:803,0
DA:804,0
DA:805,0
DA:807,0
DA:827,1
DA:828,0
DA:829,0
DA:830,0
DA:832,0
DA:837,1
DA:840,1
DA:841,1
DA:842,1
DA:845,1
DA:847,1
DA:877,1
DA:926,1
DA:928,1
LF:47
LH:35
BRDA:773,0,0,0
BRDA:773,0,1,0
BRF:2
BRH:0
end_of_record
TN:
SF:Services/driveService.js
FN:37,(anonymous_0)
FN:59,(anonymous_1)
FN:100,(anonymous_2)
FN:113,(anonymous_3)
FN:124,uploadEventImage
FNF:5
FNH:0
FNDA:0,(anonymous_0)
FNDA:0,(anonymous_1)
FNDA:0,(anonymous_2)
FNDA:0,(anonymous_3)
FNDA:0,uploadEventImage
DA:21,1
DA:22,1
DA:23,1
DA:24,1
DA:27,1
DA:28,1
DA:31,1
DA:32,1
DA:38,0
DA:39,0
DA:40,0
DA:42,0
DA:43,0
DA:45,0
DA:51,1
DA:56,1
DA:59,1
DA:60,0
DA:61,0
DA:63,0
DA:68,0
DA:73,0
DA:80,0
DA:88,0
DA:94,0
DA:95,0
DA:100,1
DA:101,0
DA:102,0
DA:105,0
DA:107,0
DA:108,0
DA:113,1
DA:114,0
DA:125,0
DA:128,0
DA:129,0
DA:131,0
DA:144,0
DA:149,0
DA:152,1
LF:41
LH:14
BRDA:42,0,0,0
BRDA:42,0,1,0
BRDA:42,1,0,0
BRDA:42,1,1,0
BRDA:125,2,0,0
BRDA:125,2,1,0
BRF:6
BRH:0
end_of_record
TN:
SF:Services/email.js
FN:27,createEmailService
FN:38,(anonymous_1)
FNF:2
FNH:0
FNDA:0,createEmailService
FNDA:0,(anonymous_1)
DA:24,0
DA:25,0
DA:28,0
DA:37,0
DA:39,0
DA:44,0
LF:6
LH:0
BRF:0
BRH:0
end_of_record
TN:
SF:Services/notification.js
FN:8,createNotification
FN:29,notifyHostRequest
FN:57,notifyHostStatusUpdate
FN:77,sendHostRequestEmail
FN:114,sendHostStatusEmail
FN:153,getUserNotifications
FN:168,markNotificationAsRead
FN:185,markAllNotificationsAsRead
FN:200,notifyUser
FN:227,notifyUsers
FN:228,(anonymous_10)
FNF:11
FNH:0
FNDA:0,createNotification
FNDA:0,notifyHostRequest
FNDA:0,notifyHostStatusUpdate
FNDA:0,sendHostRequestEmail
FNDA:0,sendHostStatusEmail
FNDA:0,getUserNotifications
FNDA:0,markNotificationAsRead
FNDA:0,markAllNotificationsAsRead
FNDA:0,notifyUser
FNDA:0,notifyUsers
FNDA:0,(anonymous_10)
DA:1,0
DA:2,0
DA:3,0
DA:9,0
DA:10,0
DA:18,0
DA:19,0
DA:21,0
DA:22,0
DA:30,0
DA:32,0
DA:33,0
DA:36,0
DA:37,0
DA:46,0
DA:47,0
DA:50,0
DA:58,0
DA:60,0
DA:68,0
DA:70,0
DA:78,0
DA:79,0
DA:89,0
DA:107,0
DA:115,0
DA:116,0
DA:126,0
DA:127,0
DA:129,0
DA:146,0
DA:154,0
DA:155,0
DA:158,0
DA:160,0
DA:161,0
DA:169,0
DA:170,0
DA:175,0
DA:177,0
DA:178,0
DA:186,0
DA:187,0
DA:192,0
DA:193,0
DA:201,0
DA:202,0
DA:203,0
DA:204,0
DA:205,0
DA:208,0
DA:209,0
DA:210,0
DA:212,0
DA:213,0
DA:216,0
DA:217,0
DA:220,0
DA:228,0
DA:229,0
DA:230,0
DA:232,0
DA:235,0
LF:63
LH:0
BRDA:8,0,0,0
BRDA:57,1,0,0
BRDA:126,2,0,0
BRDA:126,2,1,0
BRDA:127,3,0,0
BRDA:127,3,1,0
BRDA:134,4,0,0
BRDA:134,4,1,0
BRDA:137,5,0,0
BRDA:137,5,1,0
BRDA:138,6,0,0
BRDA:138,6,1,0
BRDA:153,7,0,0
BRDA:200,8,0,0
BRDA:200,9,0,0
BRDA:203,10,0,0
BRDA:203,10,1,0
BRDA:208,11,0,0
BRDA:208,11,1,0
BRDA:209,12,0,0
BRDA:209,12,1,0
BRDA:209,13,0,0
BRDA:209,13,1,0
BRDA:210,14,0,0
BRDA:210,14,1,0
BRDA:210,15,0,0
BRDA:210,15,1,0
BRDA:212,16,0,0
BRDA:212,16,1,0
BRDA:216,17,0,0
BRDA:216,17,1,0
BRDA:216,18,0,0
BRDA:216,18,1,0
BRDA:227,19,0,0
BRDA:227,20,0,0
BRDA:229,21,0,0
BRDA:229,21,1,0
BRF:37
BRH:0
end_of_record
TN:
SF:Services/otp.js
FN:2,otpgenrater
FN:7,createOtpService
FN:9,(anonymous_2)
FNF:3
FNH:0
FNDA:0,otpgenrater
FNDA:0,createOtpService
FNDA:0,(anonymous_2)
DA:1,0
DA:3,0
DA:4,0
DA:8,0
DA:10,0
DA:15,0
LF:6
LH:0
BRF:0
BRH:0
end_of_record
TN:
SF:scripts/seed.js
FN:8,seed
FNF:1
FNH:0
FNDA:0,seed
DA:2,0
DA:3,0
DA:4,0
DA:5,0
DA:6,0
DA:9,0
DA:11,0
DA:12,0
DA:13,0
DA:16,0
DA:26,0
DA:35,0
DA:44,0
DA:55,0
DA:68,0
DA:69,0
DA:72,0
LF:17
LH:0
BRDA:9,0,0,0
BRDA:9,0,1,0
BRF:2
BRH:0
end_of_record
